2021-03-22T05:44:25+00:00 CRITICAL Uncaught TypeError: ftp_fget(): Argument #1 ($ftp) must be of type resource, null given in /opt/lampp/htdocs/boutiquefourniture/wordpress/wp-admin/includes/class-wp-filesystem-ftpext.php:146
Stack trace:
#0 /opt/lampp/htdocs/boutiquefourniture/wordpress/wp-admin/includes/class-wp-filesystem-ftpext.php(146): ftp_fget(NULL, Resource id #1230, '/opt/lampp/htdo...', 2)
#1 /opt/lampp/htdocs/boutiquefourniture/wordpress/wp-content/themes/hestia/inc/compatibility/wp-forms/class-hestia-wp-forms.php(61): WP_Filesystem_FTPext->get_contents('/opt/lampp/htdo...')
#2 /opt/lampp/htdocs/boutiquefourniture/wordpress/wp-content/themes/hestia/inc/compatibility/wp-forms/class-hestia-wp-forms.php(95): Hestia_Wp_Forms->create_wp_form()
#3 /opt/lampp/htdocs/boutiquefourniture/wordpress/wp-includes/class-wp-hook.php(292): Hestia_Wp_Forms->wpforms_default_menu('')
#4 /opt/lampp/htdocs/boutiquefourniture/wordpress/wp-includes/class-wp-hook.php(316): WP_Hook->apply_filters(NULL, Array)
#5 /opt/lampp/htdocs/boutiquefourniture/wordpress/wp-includes/plugin.php(484): WP_Hook->do_action(Array)
#6 /opt/lampp/htdocs/boutiquefourniture/wordpress/wp-settings.php(538): do_action('after_setup_the...')
#7 /opt/lampp/htdocs/boutiquefourniture/wordpress/wp-config.php(90): require_once('/opt/lampp/htdo...')
#8 /opt/lampp/htdocs/boutiquefourniture/wordpress/wp-load.php(37): require_once('/opt/lampp/htdo...')
#9 /opt/lampp/htdocs/boutiquefourniture/wordpress/wp-admin/admin.php(34): require_once('/opt/lampp/htdo...')
#10 {main}
  thrown in /opt/lampp/htdocs/boutiquefourniture/wordpress/wp-admin/includes/class-wp-filesystem-ftpext.php on line 146

2021-03-22T05:47:36+00:00 CRITICAL Uncaught TypeError: ftp_fget(): Argument #1 ($ftp) must be of type resource, null given in /opt/lampp/htdocs/boutiquefourniture/wordpress/wp-admin/includes/class-wp-filesystem-ftpext.php:146
Stack trace:
#0 /opt/lampp/htdocs/boutiquefourniture/wordpress/wp-admin/includes/class-wp-filesystem-ftpext.php(146): ftp_fget(NULL, Resource id #1230, '/opt/lampp/htdo...', 2)
#1 /opt/lampp/htdocs/boutiquefourniture/wordpress/wp-content/themes/hestia/inc/compatibility/wp-forms/class-hestia-wp-forms.php(61): WP_Filesystem_FTPext->get_contents('/opt/lampp/htdo...')
#2 /opt/lampp/htdocs/boutiquefourniture/wordpress/wp-content/themes/hestia/inc/compatibility/wp-forms/class-hestia-wp-forms.php(95): Hestia_Wp_Forms->create_wp_form()
#3 /opt/lampp/htdocs/boutiquefourniture/wordpress/wp-includes/class-wp-hook.php(292): Hestia_Wp_Forms->wpforms_default_menu('')
#4 /opt/lampp/htdocs/boutiquefourniture/wordpress/wp-includes/class-wp-hook.php(316): WP_Hook->apply_filters(NULL, Array)
#5 /opt/lampp/htdocs/boutiquefourniture/wordpress/wp-includes/plugin.php(484): WP_Hook->do_action(Array)
#6 /opt/lampp/htdocs/boutiquefourniture/wordpress/wp-settings.php(538): do_action('after_setup_the...')
#7 /opt/lampp/htdocs/boutiquefourniture/wordpress/wp-config.php(90): require_once('/opt/lampp/htdo...')
#8 /opt/lampp/htdocs/boutiquefourniture/wordpress/wp-load.php(37): require_once('/opt/lampp/htdo...')
#9 /opt/lampp/htdocs/boutiquefourniture/wordpress/wp-admin/admin.php(34): require_once('/opt/lampp/htdo...')
#10 /opt/lampp/htdocs/boutiquefourniture/wordpress/wp-admin/index.php(10): require_once('/opt/lampp/htdo...')
#11 {main}
  thrown in /opt/lampp/htdocs/boutiquefourniture/wordpress/wp-admin/includes/class-wp-filesystem-ftpext.php on line 146

2021-03-22T05:47:39+00:00 CRITICAL Uncaught TypeError: ftp_fget(): Argument #1 ($ftp) must be of type resource, null given in /opt/lampp/htdocs/boutiquefourniture/wordpress/wp-admin/includes/class-wp-filesystem-ftpext.php:146
Stack trace:
#0 /opt/lampp/htdocs/boutiquefourniture/wordpress/wp-admin/includes/class-wp-filesystem-ftpext.php(146): ftp_fget(NULL, Resource id #1230, '/opt/lampp/htdo...', 2)
#1 /opt/lampp/htdocs/boutiquefourniture/wordpress/wp-content/themes/hestia/inc/compatibility/wp-forms/class-hestia-wp-forms.php(61): WP_Filesystem_FTPext->get_contents('/opt/lampp/htdo...')
#2 /opt/lampp/htdocs/boutiquefourniture/wordpress/wp-content/themes/hestia/inc/compatibility/wp-forms/class-hestia-wp-forms.php(95): Hestia_Wp_Forms->create_wp_form()
#3 /opt/lampp/htdocs/boutiquefourniture/wordpress/wp-includes/class-wp-hook.php(292): Hestia_Wp_Forms->wpforms_default_menu('')
#4 /opt/lampp/htdocs/boutiquefourniture/wordpress/wp-includes/class-wp-hook.php(316): WP_Hook->apply_filters(NULL, Array)
#5 /opt/lampp/htdocs/boutiquefourniture/wordpress/wp-includes/plugin.php(484): WP_Hook->do_action(Array)
#6 /opt/lampp/htdocs/boutiquefourniture/wordpress/wp-settings.php(538): do_action('after_setup_the...')
#7 /opt/lampp/htdocs/boutiquefourniture/wordpress/wp-config.php(90): require_once('/opt/lampp/htdo...')
#8 /opt/lampp/htdocs/boutiquefourniture/wordpress/wp-load.php(37): require_once('/opt/lampp/htdo...')
#9 /opt/lampp/htdocs/boutiquefourniture/wordpress/wp-admin/admin.php(34): require_once('/opt/lampp/htdo...')
#10 /opt/lampp/htdocs/boutiquefourniture/wordpress/wp-admin/index.php(10): require_once('/opt/lampp/htdo...')
#11 {main}
  thrown in /opt/lampp/htdocs/boutiquefourniture/wordpress/wp-admin/includes/class-wp-filesystem-ftpext.php on line 146

2021-03-22T07:22:21+00:00 CRITICAL Uncaught TypeError: ftp_fget(): Argument #1 ($ftp) must be of type resource, null given in /opt/lampp/htdocs/boutiquefourniture/wordpress/wp-admin/includes/class-wp-filesystem-ftpext.php:146
Stack trace:
#0 /opt/lampp/htdocs/boutiquefourniture/wordpress/wp-admin/includes/class-wp-filesystem-ftpext.php(146): ftp_fget(NULL, Resource id #1197, '/opt/lampp/htdo...', 2)
#1 /opt/lampp/htdocs/boutiquefourniture/wordpress/wp-content/themes/hestia/inc/compatibility/wp-forms/class-hestia-wp-forms.php(61): WP_Filesystem_FTPext->get_contents('/opt/lampp/htdo...')
#2 /opt/lampp/htdocs/boutiquefourniture/wordpress/wp-content/themes/hestia/inc/compatibility/wp-forms/class-hestia-wp-forms.php(95): Hestia_Wp_Forms->create_wp_form()
#3 /opt/lampp/htdocs/boutiquefourniture/wordpress/wp-includes/class-wp-hook.php(292): Hestia_Wp_Forms->wpforms_default_menu('')
#4 /opt/lampp/htdocs/boutiquefourniture/wordpress/wp-includes/class-wp-hook.php(316): WP_Hook->apply_filters(NULL, Array)
#5 /opt/lampp/htdocs/boutiquefourniture/wordpress/wp-includes/plugin.php(484): WP_Hook->do_action(Array)
#6 /opt/lampp/htdocs/boutiquefourniture/wordpress/wp-settings.php(538): do_action('after_setup_the...')
#7 /opt/lampp/htdocs/boutiquefourniture/wordpress/wp-config.php(90): require_once('/opt/lampp/htdo...')
#8 /opt/lampp/htdocs/boutiquefourniture/wordpress/wp-load.php(37): require_once('/opt/lampp/htdo...')
#9 /opt/lampp/htdocs/boutiquefourniture/wordpress/wp-blog-header.php(13): require_once('/opt/lampp/htdo...')
#10 /opt/lampp/htdocs/boutiquefourniture/wordpress/index.php(17): require('/opt/lampp/htdo...')
#11 {main}
  thrown in /opt/lampp/htdocs/boutiquefourniture/wordpress/wp-admin/includes/class-wp-filesystem-ftpext.php on line 146

2021-03-22T07:23:16+00:00 CRITICAL Uncaught TypeError: ftp_fget(): Argument #1 ($ftp) must be of type resource, null given in /opt/lampp/htdocs/boutiquefourniture/wordpress/wp-admin/includes/class-wp-filesystem-ftpext.php:146
Stack trace:
#0 /opt/lampp/htdocs/boutiquefourniture/wordpress/wp-admin/includes/class-wp-filesystem-ftpext.php(146): ftp_fget(NULL, Resource id #1196, '/opt/lampp/htdo...', 2)
#1 /opt/lampp/htdocs/boutiquefourniture/wordpress/wp-content/themes/hestia/inc/compatibility/wp-forms/class-hestia-wp-forms.php(61): WP_Filesystem_FTPext->get_contents('/opt/lampp/htdo...')
#2 /opt/lampp/htdocs/boutiquefourniture/wordpress/wp-content/themes/hestia/inc/compatibility/wp-forms/class-hestia-wp-forms.php(95): Hestia_Wp_Forms->create_wp_form()
#3 /opt/lampp/htdocs/boutiquefourniture/wordpress/wp-includes/class-wp-hook.php(292): Hestia_Wp_Forms->wpforms_default_menu('')
#4 /opt/lampp/htdocs/boutiquefourniture/wordpress/wp-includes/class-wp-hook.php(316): WP_Hook->apply_filters(NULL, Array)
#5 /opt/lampp/htdocs/boutiquefourniture/wordpress/wp-includes/plugin.php(484): WP_Hook->do_action(Array)
#6 /opt/lampp/htdocs/boutiquefourniture/wordpress/wp-settings.php(538): do_action('after_setup_the...')
#7 /opt/lampp/htdocs/boutiquefourniture/wordpress/wp-config.php(90): require_once('/opt/lampp/htdo...')
#8 /opt/lampp/htdocs/boutiquefourniture/wordpress/wp-load.php(37): require_once('/opt/lampp/htdo...')
#9 /opt/lampp/htdocs/boutiquefourniture/wordpress/wp-blog-header.php(13): require_once('/opt/lampp/htdo...')
#10 /opt/lampp/htdocs/boutiquefourniture/wordpress/index.php(17): require('/opt/lampp/htdo...')
#11 {main}
  thrown in /opt/lampp/htdocs/boutiquefourniture/wordpress/wp-admin/includes/class-wp-filesystem-ftpext.php on line 146

2021-03-22T07:45:28+00:00 CRITICAL Uncaught TypeError: ftp_fget(): Argument #1 ($ftp) must be of type resource, null given in /opt/lampp/htdocs/boutiquefourniture/wordpress/wp-admin/includes/class-wp-filesystem-ftpext.php:146
Stack trace:
#0 /opt/lampp/htdocs/boutiquefourniture/wordpress/wp-admin/includes/class-wp-filesystem-ftpext.php(146): ftp_fget(NULL, Resource id #1230, '/opt/lampp/htdo...', 2)
#1 /opt/lampp/htdocs/boutiquefourniture/wordpress/wp-content/themes/hestia/inc/compatibility/wp-forms/class-hestia-wp-forms.php(61): WP_Filesystem_FTPext->get_contents('/opt/lampp/htdo...')
#2 /opt/lampp/htdocs/boutiquefourniture/wordpress/wp-content/themes/hestia/inc/compatibility/wp-forms/class-hestia-wp-forms.php(95): Hestia_Wp_Forms->create_wp_form()
#3 /opt/lampp/htdocs/boutiquefourniture/wordpress/wp-includes/class-wp-hook.php(292): Hestia_Wp_Forms->wpforms_default_menu('')
#4 /opt/lampp/htdocs/boutiquefourniture/wordpress/wp-includes/class-wp-hook.php(316): WP_Hook->apply_filters(NULL, Array)
#5 /opt/lampp/htdocs/boutiquefourniture/wordpress/wp-includes/plugin.php(484): WP_Hook->do_action(Array)
#6 /opt/lampp/htdocs/boutiquefourniture/wordpress/wp-settings.php(538): do_action('after_setup_the...')
#7 /opt/lampp/htdocs/boutiquefourniture/wordpress/wp-config.php(90): require_once('/opt/lampp/htdo...')
#8 /opt/lampp/htdocs/boutiquefourniture/wordpress/wp-load.php(37): require_once('/opt/lampp/htdo...')
#9 /opt/lampp/htdocs/boutiquefourniture/wordpress/wp-admin/admin.php(34): require_once('/opt/lampp/htdo...')
#10 /opt/lampp/htdocs/boutiquefourniture/wordpress/wp-admin/index.php(10): require_once('/opt/lampp/htdo...')
#11 {main}
  thrown in /opt/lampp/htdocs/boutiquefourniture/wordpress/wp-admin/includes/class-wp-filesystem-ftpext.php on line 146

2021-03-22T07:46:31+00:00 CRITICAL Uncaught TypeError: ftp_fget(): Argument #1 ($ftp) must be of type resource, null given in /opt/lampp/htdocs/boutiquefourniture/wordpress/wp-admin/includes/class-wp-filesystem-ftpext.php:146
Stack trace:
#0 /opt/lampp/htdocs/boutiquefourniture/wordpress/wp-admin/includes/class-wp-filesystem-ftpext.php(146): ftp_fget(NULL, Resource id #1196, '/opt/lampp/htdo...', 2)
#1 /opt/lampp/htdocs/boutiquefourniture/wordpress/wp-content/themes/hestia/inc/compatibility/wp-forms/class-hestia-wp-forms.php(61): WP_Filesystem_FTPext->get_contents('/opt/lampp/htdo...')
#2 /opt/lampp/htdocs/boutiquefourniture/wordpress/wp-content/themes/hestia/inc/compatibility/wp-forms/class-hestia-wp-forms.php(95): Hestia_Wp_Forms->create_wp_form()
#3 /opt/lampp/htdocs/boutiquefourniture/wordpress/wp-includes/class-wp-hook.php(292): Hestia_Wp_Forms->wpforms_default_menu('')
#4 /opt/lampp/htdocs/boutiquefourniture/wordpress/wp-includes/class-wp-hook.php(316): WP_Hook->apply_filters(NULL, Array)
#5 /opt/lampp/htdocs/boutiquefourniture/wordpress/wp-includes/plugin.php(484): WP_Hook->do_action(Array)
#6 /opt/lampp/htdocs/boutiquefourniture/wordpress/wp-settings.php(538): do_action('after_setup_the...')
#7 /opt/lampp/htdocs/boutiquefourniture/wordpress/wp-config.php(90): require_once('/opt/lampp/htdo...')
#8 /opt/lampp/htdocs/boutiquefourniture/wordpress/wp-load.php(37): require_once('/opt/lampp/htdo...')
#9 /opt/lampp/htdocs/boutiquefourniture/wordpress/wp-blog-header.php(13): require_once('/opt/lampp/htdo...')
#10 /opt/lampp/htdocs/boutiquefourniture/wordpress/index.php(17): require('/opt/lampp/htdo...')
#11 {main}
  thrown in /opt/lampp/htdocs/boutiquefourniture/wordpress/wp-admin/includes/class-wp-filesystem-ftpext.php on line 146

2021-03-22T07:46:47+00:00 CRITICAL Uncaught TypeError: ftp_fget(): Argument #1 ($ftp) must be of type resource, null given in /opt/lampp/htdocs/boutiquefourniture/wordpress/wp-admin/includes/class-wp-filesystem-ftpext.php:146
Stack trace:
#0 /opt/lampp/htdocs/boutiquefourniture/wordpress/wp-admin/includes/class-wp-filesystem-ftpext.php(146): ftp_fget(NULL, Resource id #1196, '/opt/lampp/htdo...', 2)
#1 /opt/lampp/htdocs/boutiquefourniture/wordpress/wp-content/themes/hestia/inc/compatibility/wp-forms/class-hestia-wp-forms.php(61): WP_Filesystem_FTPext->get_contents('/opt/lampp/htdo...')
#2 /opt/lampp/htdocs/boutiquefourniture/wordpress/wp-content/themes/hestia/inc/compatibility/wp-forms/class-hestia-wp-forms.php(95): Hestia_Wp_Forms->create_wp_form()
#3 /opt/lampp/htdocs/boutiquefourniture/wordpress/wp-includes/class-wp-hook.php(292): Hestia_Wp_Forms->wpforms_default_menu('')
#4 /opt/lampp/htdocs/boutiquefourniture/wordpress/wp-includes/class-wp-hook.php(316): WP_Hook->apply_filters(NULL, Array)
#5 /opt/lampp/htdocs/boutiquefourniture/wordpress/wp-includes/plugin.php(484): WP_Hook->do_action(Array)
#6 /opt/lampp/htdocs/boutiquefourniture/wordpress/wp-settings.php(538): do_action('after_setup_the...')
#7 /opt/lampp/htdocs/boutiquefourniture/wordpress/wp-config.php(90): require_once('/opt/lampp/htdo...')
#8 /opt/lampp/htdocs/boutiquefourniture/wordpress/wp-load.php(37): require_once('/opt/lampp/htdo...')
#9 /opt/lampp/htdocs/boutiquefourniture/wordpress/wp-blog-header.php(13): require_once('/opt/lampp/htdo...')
#10 /opt/lampp/htdocs/boutiquefourniture/wordpress/index.php(17): require('/opt/lampp/htdo...')
#11 {main}
  thrown in /opt/lampp/htdocs/boutiquefourniture/wordpress/wp-admin/includes/class-wp-filesystem-ftpext.php on line 146

2021-03-22T07:47:02+00:00 CRITICAL Uncaught TypeError: ftp_fget(): Argument #1 ($ftp) must be of type resource, null given in /opt/lampp/htdocs/boutiquefourniture/wordpress/wp-admin/includes/class-wp-filesystem-ftpext.php:146
Stack trace:
#0 /opt/lampp/htdocs/boutiquefourniture/wordpress/wp-admin/includes/class-wp-filesystem-ftpext.php(146): ftp_fget(NULL, Resource id #1196, '/opt/lampp/htdo...', 2)
#1 /opt/lampp/htdocs/boutiquefourniture/wordpress/wp-content/themes/hestia/inc/compatibility/wp-forms/class-hestia-wp-forms.php(61): WP_Filesystem_FTPext->get_contents('/opt/lampp/htdo...')
#2 /opt/lampp/htdocs/boutiquefourniture/wordpress/wp-content/themes/hestia/inc/compatibility/wp-forms/class-hestia-wp-forms.php(95): Hestia_Wp_Forms->create_wp_form()
#3 /opt/lampp/htdocs/boutiquefourniture/wordpress/wp-includes/class-wp-hook.php(292): Hestia_Wp_Forms->wpforms_default_menu('')
#4 /opt/lampp/htdocs/boutiquefourniture/wordpress/wp-includes/class-wp-hook.php(316): WP_Hook->apply_filters(NULL, Array)
#5 /opt/lampp/htdocs/boutiquefourniture/wordpress/wp-includes/plugin.php(484): WP_Hook->do_action(Array)
#6 /opt/lampp/htdocs/boutiquefourniture/wordpress/wp-settings.php(538): do_action('after_setup_the...')
#7 /opt/lampp/htdocs/boutiquefourniture/wordpress/wp-config.php(90): require_once('/opt/lampp/htdo...')
#8 /opt/lampp/htdocs/boutiquefourniture/wordpress/wp-load.php(37): require_once('/opt/lampp/htdo...')
#9 /opt/lampp/htdocs/boutiquefourniture/wordpress/wp-blog-header.php(13): require_once('/opt/lampp/htdo...')
#10 /opt/lampp/htdocs/boutiquefourniture/wordpress/index.php(17): require('/opt/lampp/htdo...')
#11 {main}
  thrown in /opt/lampp/htdocs/boutiquefourniture/wordpress/wp-admin/includes/class-wp-filesystem-ftpext.php on line 146

2021-03-22T07:49:18+00:00 CRITICAL Uncaught TypeError: ftp_fget(): Argument #1 ($ftp) must be of type resource, null given in /opt/lampp/htdocs/boutiquefourniture/wordpress/wp-admin/includes/class-wp-filesystem-ftpext.php:146
Stack trace:
#0 /opt/lampp/htdocs/boutiquefourniture/wordpress/wp-admin/includes/class-wp-filesystem-ftpext.php(146): ftp_fget(NULL, Resource id #1196, '/opt/lampp/htdo...', 2)
#1 /opt/lampp/htdocs/boutiquefourniture/wordpress/wp-content/themes/hestia/inc/compatibility/wp-forms/class-hestia-wp-forms.php(61): WP_Filesystem_FTPext->get_contents('/opt/lampp/htdo...')
#2 /opt/lampp/htdocs/boutiquefourniture/wordpress/wp-content/themes/hestia/inc/compatibility/wp-forms/class-hestia-wp-forms.php(95): Hestia_Wp_Forms->create_wp_form()
#3 /opt/lampp/htdocs/boutiquefourniture/wordpress/wp-includes/class-wp-hook.php(292): Hestia_Wp_Forms->wpforms_default_menu('')
#4 /opt/lampp/htdocs/boutiquefourniture/wordpress/wp-includes/class-wp-hook.php(316): WP_Hook->apply_filters(NULL, Array)
#5 /opt/lampp/htdocs/boutiquefourniture/wordpress/wp-includes/plugin.php(484): WP_Hook->do_action(Array)
#6 /opt/lampp/htdocs/boutiquefourniture/wordpress/wp-settings.php(538): do_action('after_setup_the...')
#7 /opt/lampp/htdocs/boutiquefourniture/wordpress/wp-config.php(90): require_once('/opt/lampp/htdo...')
#8 /opt/lampp/htdocs/boutiquefourniture/wordpress/wp-load.php(37): require_once('/opt/lampp/htdo...')
#9 /opt/lampp/htdocs/boutiquefourniture/wordpress/wp-blog-header.php(13): require_once('/opt/lampp/htdo...')
#10 /opt/lampp/htdocs/boutiquefourniture/wordpress/index.php(17): require('/opt/lampp/htdo...')
#11 {main}
  thrown in /opt/lampp/htdocs/boutiquefourniture/wordpress/wp-admin/includes/class-wp-filesystem-ftpext.php on line 146

2021-03-22T07:50:31+00:00 CRITICAL Uncaught TypeError: ftp_fget(): Argument #1 ($ftp) must be of type resource, null given in /opt/lampp/htdocs/boutiquefourniture/wordpress/wp-admin/includes/class-wp-filesystem-ftpext.php:146
Stack trace:
#0 /opt/lampp/htdocs/boutiquefourniture/wordpress/wp-admin/includes/class-wp-filesystem-ftpext.php(146): ftp_fget(NULL, Resource id #1196, '/opt/lampp/htdo...', 2)
#1 /opt/lampp/htdocs/boutiquefourniture/wordpress/wp-content/themes/hestia/inc/compatibility/wp-forms/class-hestia-wp-forms.php(61): WP_Filesystem_FTPext->get_contents('/opt/lampp/htdo...')
#2 /opt/lampp/htdocs/boutiquefourniture/wordpress/wp-content/themes/hestia/inc/compatibility/wp-forms/class-hestia-wp-forms.php(95): Hestia_Wp_Forms->create_wp_form()
#3 /opt/lampp/htdocs/boutiquefourniture/wordpress/wp-includes/class-wp-hook.php(292): Hestia_Wp_Forms->wpforms_default_menu('')
#4 /opt/lampp/htdocs/boutiquefourniture/wordpress/wp-includes/class-wp-hook.php(316): WP_Hook->apply_filters(NULL, Array)
#5 /opt/lampp/htdocs/boutiquefourniture/wordpress/wp-includes/plugin.php(484): WP_Hook->do_action(Array)
#6 /opt/lampp/htdocs/boutiquefourniture/wordpress/wp-settings.php(538): do_action('after_setup_the...')
#7 /opt/lampp/htdocs/boutiquefourniture/wordpress/wp-config.php(90): require_once('/opt/lampp/htdo...')
#8 /opt/lampp/htdocs/boutiquefourniture/wordpress/wp-load.php(37): require_once('/opt/lampp/htdo...')
#9 /opt/lampp/htdocs/boutiquefourniture/wordpress/wp-blog-header.php(13): require_once('/opt/lampp/htdo...')
#10 /opt/lampp/htdocs/boutiquefourniture/wordpress/index.php(17): require('/opt/lampp/htdo...')
#11 {main}
  thrown in /opt/lampp/htdocs/boutiquefourniture/wordpress/wp-admin/includes/class-wp-filesystem-ftpext.php on line 146

2021-03-22T07:50:44+00:00 CRITICAL Uncaught TypeError: ftp_fget(): Argument #1 ($ftp) must be of type resource, null given in /opt/lampp/htdocs/boutiquefourniture/wordpress/wp-admin/includes/class-wp-filesystem-ftpext.php:146
Stack trace:
#0 /opt/lampp/htdocs/boutiquefourniture/wordpress/wp-admin/includes/class-wp-filesystem-ftpext.php(146): ftp_fget(NULL, Resource id #1230, '/opt/lampp/htdo...', 2)
#1 /opt/lampp/htdocs/boutiquefourniture/wordpress/wp-content/themes/hestia/inc/compatibility/wp-forms/class-hestia-wp-forms.php(61): WP_Filesystem_FTPext->get_contents('/opt/lampp/htdo...')
#2 /opt/lampp/htdocs/boutiquefourniture/wordpress/wp-content/themes/hestia/inc/compatibility/wp-forms/class-hestia-wp-forms.php(95): Hestia_Wp_Forms->create_wp_form()
#3 /opt/lampp/htdocs/boutiquefourniture/wordpress/wp-includes/class-wp-hook.php(292): Hestia_Wp_Forms->wpforms_default_menu('')
#4 /opt/lampp/htdocs/boutiquefourniture/wordpress/wp-includes/class-wp-hook.php(316): WP_Hook->apply_filters(NULL, Array)
#5 /opt/lampp/htdocs/boutiquefourniture/wordpress/wp-includes/plugin.php(484): WP_Hook->do_action(Array)
#6 /opt/lampp/htdocs/boutiquefourniture/wordpress/wp-settings.php(538): do_action('after_setup_the...')
#7 /opt/lampp/htdocs/boutiquefourniture/wordpress/wp-config.php(90): require_once('/opt/lampp/htdo...')
#8 /opt/lampp/htdocs/boutiquefourniture/wordpress/wp-load.php(37): require_once('/opt/lampp/htdo...')
#9 /opt/lampp/htdocs/boutiquefourniture/wordpress/wp-admin/admin.php(34): require_once('/opt/lampp/htdo...')
#10 /opt/lampp/htdocs/boutiquefourniture/wordpress/wp-admin/index.php(10): require_once('/opt/lampp/htdo...')
#11 {main}
  thrown in /opt/lampp/htdocs/boutiquefourniture/wordpress/wp-admin/includes/class-wp-filesystem-ftpext.php on line 146

2021-03-22T07:50:53+00:00 CRITICAL Uncaught TypeError: ftp_fget(): Argument #1 ($ftp) must be of type resource, null given in /opt/lampp/htdocs/boutiquefourniture/wordpress/wp-admin/includes/class-wp-filesystem-ftpext.php:146
Stack trace:
#0 /opt/lampp/htdocs/boutiquefourniture/wordpress/wp-admin/includes/class-wp-filesystem-ftpext.php(146): ftp_fget(NULL, Resource id #1196, '/opt/lampp/htdo...', 2)
#1 /opt/lampp/htdocs/boutiquefourniture/wordpress/wp-content/themes/hestia/inc/compatibility/wp-forms/class-hestia-wp-forms.php(61): WP_Filesystem_FTPext->get_contents('/opt/lampp/htdo...')
#2 /opt/lampp/htdocs/boutiquefourniture/wordpress/wp-content/themes/hestia/inc/compatibility/wp-forms/class-hestia-wp-forms.php(95): Hestia_Wp_Forms->create_wp_form()
#3 /opt/lampp/htdocs/boutiquefourniture/wordpress/wp-includes/class-wp-hook.php(292): Hestia_Wp_Forms->wpforms_default_menu('')
#4 /opt/lampp/htdocs/boutiquefourniture/wordpress/wp-includes/class-wp-hook.php(316): WP_Hook->apply_filters(NULL, Array)
#5 /opt/lampp/htdocs/boutiquefourniture/wordpress/wp-includes/plugin.php(484): WP_Hook->do_action(Array)
#6 /opt/lampp/htdocs/boutiquefourniture/wordpress/wp-settings.php(538): do_action('after_setup_the...')
#7 /opt/lampp/htdocs/boutiquefourniture/wordpress/wp-config.php(90): require_once('/opt/lampp/htdo...')
#8 /opt/lampp/htdocs/boutiquefourniture/wordpress/wp-load.php(37): require_once('/opt/lampp/htdo...')
#9 /opt/lampp/htdocs/boutiquefourniture/wordpress/wp-blog-header.php(13): require_once('/opt/lampp/htdo...')
#10 /opt/lampp/htdocs/boutiquefourniture/wordpress/index.php(17): require('/opt/lampp/htdo...')
#11 {main}
  thrown in /opt/lampp/htdocs/boutiquefourniture/wordpress/wp-admin/includes/class-wp-filesystem-ftpext.php on line 146

2021-03-22T09:00:49+00:00 CRITICAL Uncaught TypeError: ftp_fget(): Argument #1 ($ftp) must be of type resource, null given in /opt/lampp/htdocs/boutiquefourniture/wordpress/wp-admin/includes/class-wp-filesystem-ftpext.php:146
Stack trace:
#0 /opt/lampp/htdocs/boutiquefourniture/wordpress/wp-admin/includes/class-wp-filesystem-ftpext.php(146): ftp_fget(NULL, Resource id #1230, '/opt/lampp/htdo...', 2)
#1 /opt/lampp/htdocs/boutiquefourniture/wordpress/wp-content/themes/hestia/inc/compatibility/wp-forms/class-hestia-wp-forms.php(61): WP_Filesystem_FTPext->get_contents('/opt/lampp/htdo...')
#2 /opt/lampp/htdocs/boutiquefourniture/wordpress/wp-content/themes/hestia/inc/compatibility/wp-forms/class-hestia-wp-forms.php(95): Hestia_Wp_Forms->create_wp_form()
#3 /opt/lampp/htdocs/boutiquefourniture/wordpress/wp-includes/class-wp-hook.php(292): Hestia_Wp_Forms->wpforms_default_menu('')
#4 /opt/lampp/htdocs/boutiquefourniture/wordpress/wp-includes/class-wp-hook.php(316): WP_Hook->apply_filters(NULL, Array)
#5 /opt/lampp/htdocs/boutiquefourniture/wordpress/wp-includes/plugin.php(484): WP_Hook->do_action(Array)
#6 /opt/lampp/htdocs/boutiquefourniture/wordpress/wp-settings.php(538): do_action('after_setup_the...')
#7 /opt/lampp/htdocs/boutiquefourniture/wordpress/wp-config.php(90): require_once('/opt/lampp/htdo...')
#8 /opt/lampp/htdocs/boutiquefourniture/wordpress/wp-load.php(37): require_once('/opt/lampp/htdo...')
#9 /opt/lampp/htdocs/boutiquefourniture/wordpress/wp-admin/admin.php(34): require_once('/opt/lampp/htdo...')
#10 {main}
  thrown in /opt/lampp/htdocs/boutiquefourniture/wordpress/wp-admin/includes/class-wp-filesystem-ftpext.php on line 146

2021-03-22T13:49:49+00:00 CRITICAL Uncaught TypeError: ftp_fget(): Argument #1 ($ftp) must be of type resource, null given in /opt/lampp/htdocs/boutiquefourniture/wordpress/wp-admin/includes/class-wp-filesystem-ftpext.php:146
Stack trace:
#0 /opt/lampp/htdocs/boutiquefourniture/wordpress/wp-admin/includes/class-wp-filesystem-ftpext.php(146): ftp_fget(NULL, Resource id #1227, '/opt/lampp/htdo...', 2)
#1 /opt/lampp/htdocs/boutiquefourniture/wordpress/wp-content/themes/hestia/inc/compatibility/wp-forms/class-hestia-wp-forms.php(61): WP_Filesystem_FTPext->get_contents('/opt/lampp/htdo...')
#2 /opt/lampp/htdocs/boutiquefourniture/wordpress/wp-content/themes/hestia/inc/compatibility/wp-forms/class-hestia-wp-forms.php(95): Hestia_Wp_Forms->create_wp_form()
#3 /opt/lampp/htdocs/boutiquefourniture/wordpress/wp-includes/class-wp-hook.php(292): Hestia_Wp_Forms->wpforms_default_menu('')
#4 /opt/lampp/htdocs/boutiquefourniture/wordpress/wp-includes/class-wp-hook.php(316): WP_Hook->apply_filters(NULL, Array)
#5 /opt/lampp/htdocs/boutiquefourniture/wordpress/wp-includes/plugin.php(484): WP_Hook->do_action(Array)
#6 /opt/lampp/htdocs/boutiquefourniture/wordpress/wp-settings.php(538): do_action('after_setup_the...')
#7 /opt/lampp/htdocs/boutiquefourniture/wordpress/wp-config.php(90): require_once('/opt/lampp/htdo...')
#8 /opt/lampp/htdocs/boutiquefourniture/wordpress/wp-load.php(37): require_once('/opt/lampp/htdo...')
#9 /opt/lampp/htdocs/boutiquefourniture/wordpress/wp-admin/admin.php(34): require_once('/opt/lampp/htdo...')
#10 {main}
  thrown in /opt/lampp/htdocs/boutiquefourniture/wordpress/wp-admin/includes/class-wp-filesystem-ftpext.php on line 146

2021-03-22T13:49:53+00:00 CRITICAL Uncaught TypeError: ftp_fget(): Argument #1 ($ftp) must be of type resource, null given in /opt/lampp/htdocs/boutiquefourniture/wordpress/wp-admin/includes/class-wp-filesystem-ftpext.php:146
Stack trace:
#0 /opt/lampp/htdocs/boutiquefourniture/wordpress/wp-admin/includes/class-wp-filesystem-ftpext.php(146): ftp_fget(NULL, Resource id #1227, '/opt/lampp/htdo...', 2)
#1 /opt/lampp/htdocs/boutiquefourniture/wordpress/wp-content/themes/hestia/inc/compatibility/wp-forms/class-hestia-wp-forms.php(61): WP_Filesystem_FTPext->get_contents('/opt/lampp/htdo...')
#2 /opt/lampp/htdocs/boutiquefourniture/wordpress/wp-content/themes/hestia/inc/compatibility/wp-forms/class-hestia-wp-forms.php(95): Hestia_Wp_Forms->create_wp_form()
#3 /opt/lampp/htdocs/boutiquefourniture/wordpress/wp-includes/class-wp-hook.php(292): Hestia_Wp_Forms->wpforms_default_menu('')
#4 /opt/lampp/htdocs/boutiquefourniture/wordpress/wp-includes/class-wp-hook.php(316): WP_Hook->apply_filters(NULL, Array)
#5 /opt/lampp/htdocs/boutiquefourniture/wordpress/wp-includes/plugin.php(484): WP_Hook->do_action(Array)
#6 /opt/lampp/htdocs/boutiquefourniture/wordpress/wp-settings.php(538): do_action('after_setup_the...')
#7 /opt/lampp/htdocs/boutiquefourniture/wordpress/wp-config.php(90): require_once('/opt/lampp/htdo...')
#8 /opt/lampp/htdocs/boutiquefourniture/wordpress/wp-load.php(37): require_once('/opt/lampp/htdo...')
#9 /opt/lampp/htdocs/boutiquefourniture/wordpress/wp-admin/admin.php(34): require_once('/opt/lampp/htdo...')
#10 {main}
  thrown in /opt/lampp/htdocs/boutiquefourniture/wordpress/wp-admin/includes/class-wp-filesystem-ftpext.php on line 146

2021-03-22T13:53:19+00:00 CRITICAL Uncaught TypeError: ftp_fget(): Argument #1 ($ftp) must be of type resource, null given in /opt/lampp/htdocs/boutiquefourniture/wordpress/wp-admin/includes/class-wp-filesystem-ftpext.php:146
Stack trace:
#0 /opt/lampp/htdocs/boutiquefourniture/wordpress/wp-admin/includes/class-wp-filesystem-ftpext.php(146): ftp_fget(NULL, Resource id #1228, '/opt/lampp/htdo...', 2)
#1 /opt/lampp/htdocs/boutiquefourniture/wordpress/wp-content/themes/hestia/inc/compatibility/wp-forms/class-hestia-wp-forms.php(61): WP_Filesystem_FTPext->get_contents('/opt/lampp/htdo...')
#2 /opt/lampp/htdocs/boutiquefourniture/wordpress/wp-content/themes/hestia/inc/compatibility/wp-forms/class-hestia-wp-forms.php(95): Hestia_Wp_Forms->create_wp_form()
#3 /opt/lampp/htdocs/boutiquefourniture/wordpress/wp-includes/class-wp-hook.php(292): Hestia_Wp_Forms->wpforms_default_menu('')
#4 /opt/lampp/htdocs/boutiquefourniture/wordpress/wp-includes/class-wp-hook.php(316): WP_Hook->apply_filters(NULL, Array)
#5 /opt/lampp/htdocs/boutiquefourniture/wordpress/wp-includes/plugin.php(484): WP_Hook->do_action(Array)
#6 /opt/lampp/htdocs/boutiquefourniture/wordpress/wp-settings.php(538): do_action('after_setup_the...')
#7 /opt/lampp/htdocs/boutiquefourniture/wordpress/wp-config.php(90): require_once('/opt/lampp/htdo...')
#8 /opt/lampp/htdocs/boutiquefourniture/wordpress/wp-load.php(37): require_once('/opt/lampp/htdo...')
#9 /opt/lampp/htdocs/boutiquefourniture/wordpress/wp-admin/admin.php(34): require_once('/opt/lampp/htdo...')
#10 /opt/lampp/htdocs/boutiquefourniture/wordpress/wp-admin/index.php(10): require_once('/opt/lampp/htdo...')
#11 {main}
  thrown in /opt/lampp/htdocs/boutiquefourniture/wordpress/wp-admin/includes/class-wp-filesystem-ftpext.php on line 146

2021-03-22T13:53:24+00:00 CRITICAL Uncaught TypeError: ftp_fget(): Argument #1 ($ftp) must be of type resource, null given in /opt/lampp/htdocs/boutiquefourniture/wordpress/wp-admin/includes/class-wp-filesystem-ftpext.php:146
Stack trace:
#0 /opt/lampp/htdocs/boutiquefourniture/wordpress/wp-admin/includes/class-wp-filesystem-ftpext.php(146): ftp_fget(NULL, Resource id #1228, '/opt/lampp/htdo...', 2)
#1 /opt/lampp/htdocs/boutiquefourniture/wordpress/wp-content/themes/hestia/inc/compatibility/wp-forms/class-hestia-wp-forms.php(61): WP_Filesystem_FTPext->get_contents('/opt/lampp/htdo...')
#2 /opt/lampp/htdocs/boutiquefourniture/wordpress/wp-content/themes/hestia/inc/compatibility/wp-forms/class-hestia-wp-forms.php(95): Hestia_Wp_Forms->create_wp_form()
#3 /opt/lampp/htdocs/boutiquefourniture/wordpress/wp-includes/class-wp-hook.php(292): Hestia_Wp_Forms->wpforms_default_menu('')
#4 /opt/lampp/htdocs/boutiquefourniture/wordpress/wp-includes/class-wp-hook.php(316): WP_Hook->apply_filters(NULL, Array)
#5 /opt/lampp/htdocs/boutiquefourniture/wordpress/wp-includes/plugin.php(484): WP_Hook->do_action(Array)
#6 /opt/lampp/htdocs/boutiquefourniture/wordpress/wp-settings.php(538): do_action('after_setup_the...')
#7 /opt/lampp/htdocs/boutiquefourniture/wordpress/wp-config.php(90): require_once('/opt/lampp/htdo...')
#8 /opt/lampp/htdocs/boutiquefourniture/wordpress/wp-load.php(37): require_once('/opt/lampp/htdo...')
#9 /opt/lampp/htdocs/boutiquefourniture/wordpress/wp-admin/admin.php(34): require_once('/opt/lampp/htdo...')
#10 /opt/lampp/htdocs/boutiquefourniture/wordpress/wp-admin/index.php(10): require_once('/opt/lampp/htdo...')
#11 {main}
  thrown in /opt/lampp/htdocs/boutiquefourniture/wordpress/wp-admin/includes/class-wp-filesystem-ftpext.php on line 146

2021-03-22T14:30:58+00:00 CRITICAL Uncaught TypeError: ftp_fget(): Argument #1 ($ftp) must be of type resource, null given in /opt/lampp/htdocs/boutiquefourniture/wordpress/wp-admin/includes/class-wp-filesystem-ftpext.php:146
Stack trace:
#0 /opt/lampp/htdocs/boutiquefourniture/wordpress/wp-admin/includes/class-wp-filesystem-ftpext.php(146): ftp_fget(NULL, Resource id #1228, '/opt/lampp/htdo...', 2)
#1 /opt/lampp/htdocs/boutiquefourniture/wordpress/wp-content/themes/hestia/inc/compatibility/wp-forms/class-hestia-wp-forms.php(61): WP_Filesystem_FTPext->get_contents('/opt/lampp/htdo...')
#2 /opt/lampp/htdocs/boutiquefourniture/wordpress/wp-content/themes/hestia/inc/compatibility/wp-forms/class-hestia-wp-forms.php(95): Hestia_Wp_Forms->create_wp_form()
#3 /opt/lampp/htdocs/boutiquefourniture/wordpress/wp-includes/class-wp-hook.php(292): Hestia_Wp_Forms->wpforms_default_menu('')
#4 /opt/lampp/htdocs/boutiquefourniture/wordpress/wp-includes/class-wp-hook.php(316): WP_Hook->apply_filters(NULL, Array)
#5 /opt/lampp/htdocs/boutiquefourniture/wordpress/wp-includes/plugin.php(484): WP_Hook->do_action(Array)
#6 /opt/lampp/htdocs/boutiquefourniture/wordpress/wp-settings.php(538): do_action('after_setup_the...')
#7 /opt/lampp/htdocs/boutiquefourniture/wordpress/wp-config.php(90): require_once('/opt/lampp/htdo...')
#8 /opt/lampp/htdocs/boutiquefourniture/wordpress/wp-load.php(37): require_once('/opt/lampp/htdo...')
#9 /opt/lampp/htdocs/boutiquefourniture/wordpress/wp-admin/admin.php(34): require_once('/opt/lampp/htdo...')
#10 /opt/lampp/htdocs/boutiquefourniture/wordpress/wp-admin/index.php(10): require_once('/opt/lampp/htdo...')
#11 {main}
  thrown in /opt/lampp/htdocs/boutiquefourniture/wordpress/wp-admin/includes/class-wp-filesystem-ftpext.php on line 146

2021-03-22T14:31:29+00:00 CRITICAL Uncaught TypeError: ftp_fget(): Argument #1 ($ftp) must be of type resource, null given in /opt/lampp/htdocs/boutiquefourniture/wordpress/wp-admin/includes/class-wp-filesystem-ftpext.php:146
Stack trace:
#0 /opt/lampp/htdocs/boutiquefourniture/wordpress/wp-admin/includes/class-wp-filesystem-ftpext.php(146): ftp_fget(NULL, Resource id #1194, '/opt/lampp/htdo...', 2)
#1 /opt/lampp/htdocs/boutiquefourniture/wordpress/wp-content/themes/hestia/inc/compatibility/wp-forms/class-hestia-wp-forms.php(61): WP_Filesystem_FTPext->get_contents('/opt/lampp/htdo...')
#2 /opt/lampp/htdocs/boutiquefourniture/wordpress/wp-content/themes/hestia/inc/compatibility/wp-forms/class-hestia-wp-forms.php(95): Hestia_Wp_Forms->create_wp_form()
#3 /opt/lampp/htdocs/boutiquefourniture/wordpress/wp-includes/class-wp-hook.php(292): Hestia_Wp_Forms->wpforms_default_menu('')
#4 /opt/lampp/htdocs/boutiquefourniture/wordpress/wp-includes/class-wp-hook.php(316): WP_Hook->apply_filters(NULL, Array)
#5 /opt/lampp/htdocs/boutiquefourniture/wordpress/wp-includes/plugin.php(484): WP_Hook->do_action(Array)
#6 /opt/lampp/htdocs/boutiquefourniture/wordpress/wp-settings.php(538): do_action('after_setup_the...')
#7 /opt/lampp/htdocs/boutiquefourniture/wordpress/wp-config.php(90): require_once('/opt/lampp/htdo...')
#8 /opt/lampp/htdocs/boutiquefourniture/wordpress/wp-load.php(37): require_once('/opt/lampp/htdo...')
#9 /opt/lampp/htdocs/boutiquefourniture/wordpress/wp-blog-header.php(13): require_once('/opt/lampp/htdo...')
#10 /opt/lampp/htdocs/boutiquefourniture/wordpress/index.php(17): require('/opt/lampp/htdo...')
#11 {main}
  thrown in /opt/lampp/htdocs/boutiquefourniture/wordpress/wp-admin/includes/class-wp-filesystem-ftpext.php on line 146

2021-03-22T14:31:44+00:00 CRITICAL Uncaught TypeError: ftp_fget(): Argument #1 ($ftp) must be of type resource, null given in /opt/lampp/htdocs/boutiquefourniture/wordpress/wp-admin/includes/class-wp-filesystem-ftpext.php:146
Stack trace:
#0 /opt/lampp/htdocs/boutiquefourniture/wordpress/wp-admin/includes/class-wp-filesystem-ftpext.php(146): ftp_fget(NULL, Resource id #1194, '/opt/lampp/htdo...', 2)
#1 /opt/lampp/htdocs/boutiquefourniture/wordpress/wp-content/themes/hestia/inc/compatibility/wp-forms/class-hestia-wp-forms.php(61): WP_Filesystem_FTPext->get_contents('/opt/lampp/htdo...')
#2 /opt/lampp/htdocs/boutiquefourniture/wordpress/wp-content/themes/hestia/inc/compatibility/wp-forms/class-hestia-wp-forms.php(95): Hestia_Wp_Forms->create_wp_form()
#3 /opt/lampp/htdocs/boutiquefourniture/wordpress/wp-includes/class-wp-hook.php(292): Hestia_Wp_Forms->wpforms_default_menu('')
#4 /opt/lampp/htdocs/boutiquefourniture/wordpress/wp-includes/class-wp-hook.php(316): WP_Hook->apply_filters(NULL, Array)
#5 /opt/lampp/htdocs/boutiquefourniture/wordpress/wp-includes/plugin.php(484): WP_Hook->do_action(Array)
#6 /opt/lampp/htdocs/boutiquefourniture/wordpress/wp-settings.php(538): do_action('after_setup_the...')
#7 /opt/lampp/htdocs/boutiquefourniture/wordpress/wp-config.php(90): require_once('/opt/lampp/htdo...')
#8 /opt/lampp/htdocs/boutiquefourniture/wordpress/wp-load.php(37): require_once('/opt/lampp/htdo...')
#9 /opt/lampp/htdocs/boutiquefourniture/wordpress/wp-blog-header.php(13): require_once('/opt/lampp/htdo...')
#10 /opt/lampp/htdocs/boutiquefourniture/wordpress/index.php(17): require('/opt/lampp/htdo...')
#11 {main}
  thrown in /opt/lampp/htdocs/boutiquefourniture/wordpress/wp-admin/includes/class-wp-filesystem-ftpext.php on line 146

2021-03-22T14:31:49+00:00 CRITICAL Uncaught TypeError: ftp_fget(): Argument #1 ($ftp) must be of type resource, null given in /opt/lampp/htdocs/boutiquefourniture/wordpress/wp-admin/includes/class-wp-filesystem-ftpext.php:146
Stack trace:
#0 /opt/lampp/htdocs/boutiquefourniture/wordpress/wp-admin/includes/class-wp-filesystem-ftpext.php(146): ftp_fget(NULL, Resource id #1194, '/opt/lampp/htdo...', 2)
#1 /opt/lampp/htdocs/boutiquefourniture/wordpress/wp-content/themes/hestia/inc/compatibility/wp-forms/class-hestia-wp-forms.php(61): WP_Filesystem_FTPext->get_contents('/opt/lampp/htdo...')
#2 /opt/lampp/htdocs/boutiquefourniture/wordpress/wp-content/themes/hestia/inc/compatibility/wp-forms/class-hestia-wp-forms.php(95): Hestia_Wp_Forms->create_wp_form()
#3 /opt/lampp/htdocs/boutiquefourniture/wordpress/wp-includes/class-wp-hook.php(292): Hestia_Wp_Forms->wpforms_default_menu('')
#4 /opt/lampp/htdocs/boutiquefourniture/wordpress/wp-includes/class-wp-hook.php(316): WP_Hook->apply_filters(NULL, Array)
#5 /opt/lampp/htdocs/boutiquefourniture/wordpress/wp-includes/plugin.php(484): WP_Hook->do_action(Array)
#6 /opt/lampp/htdocs/boutiquefourniture/wordpress/wp-settings.php(538): do_action('after_setup_the...')
#7 /opt/lampp/htdocs/boutiquefourniture/wordpress/wp-config.php(90): require_once('/opt/lampp/htdo...')
#8 /opt/lampp/htdocs/boutiquefourniture/wordpress/wp-load.php(37): require_once('/opt/lampp/htdo...')
#9 /opt/lampp/htdocs/boutiquefourniture/wordpress/wp-blog-header.php(13): require_once('/opt/lampp/htdo...')
#10 /opt/lampp/htdocs/boutiquefourniture/wordpress/index.php(17): require('/opt/lampp/htdo...')
#11 {main}
  thrown in /opt/lampp/htdocs/boutiquefourniture/wordpress/wp-admin/includes/class-wp-filesystem-ftpext.php on line 146

2021-03-22T14:32:31+00:00 CRITICAL Uncaught TypeError: ftp_fget(): Argument #1 ($ftp) must be of type resource, null given in /opt/lampp/htdocs/boutiquefourniture/wordpress/wp-admin/includes/class-wp-filesystem-ftpext.php:146
Stack trace:
#0 /opt/lampp/htdocs/boutiquefourniture/wordpress/wp-admin/includes/class-wp-filesystem-ftpext.php(146): ftp_fget(NULL, Resource id #1194, '/opt/lampp/htdo...', 2)
#1 /opt/lampp/htdocs/boutiquefourniture/wordpress/wp-content/themes/hestia/inc/compatibility/wp-forms/class-hestia-wp-forms.php(61): WP_Filesystem_FTPext->get_contents('/opt/lampp/htdo...')
#2 /opt/lampp/htdocs/boutiquefourniture/wordpress/wp-content/themes/hestia/inc/compatibility/wp-forms/class-hestia-wp-forms.php(95): Hestia_Wp_Forms->create_wp_form()
#3 /opt/lampp/htdocs/boutiquefourniture/wordpress/wp-includes/class-wp-hook.php(292): Hestia_Wp_Forms->wpforms_default_menu('')
#4 /opt/lampp/htdocs/boutiquefourniture/wordpress/wp-includes/class-wp-hook.php(316): WP_Hook->apply_filters(NULL, Array)
#5 /opt/lampp/htdocs/boutiquefourniture/wordpress/wp-includes/plugin.php(484): WP_Hook->do_action(Array)
#6 /opt/lampp/htdocs/boutiquefourniture/wordpress/wp-settings.php(538): do_action('after_setup_the...')
#7 /opt/lampp/htdocs/boutiquefourniture/wordpress/wp-config.php(90): require_once('/opt/lampp/htdo...')
#8 /opt/lampp/htdocs/boutiquefourniture/wordpress/wp-load.php(37): require_once('/opt/lampp/htdo...')
#9 /opt/lampp/htdocs/boutiquefourniture/wordpress/wp-blog-header.php(13): require_once('/opt/lampp/htdo...')
#10 /opt/lampp/htdocs/boutiquefourniture/wordpress/index.php(17): require('/opt/lampp/htdo...')
#11 {main}
  thrown in /opt/lampp/htdocs/boutiquefourniture/wordpress/wp-admin/includes/class-wp-filesystem-ftpext.php on line 146

2021-03-22T14:33:23+00:00 CRITICAL Uncaught TypeError: ftp_fget(): Argument #1 ($ftp) must be of type resource, null given in /opt/lampp/htdocs/boutiquefourniture/wordpress/wp-admin/includes/class-wp-filesystem-ftpext.php:146
Stack trace:
#0 /opt/lampp/htdocs/boutiquefourniture/wordpress/wp-admin/includes/class-wp-filesystem-ftpext.php(146): ftp_fget(NULL, Resource id #1194, '/opt/lampp/htdo...', 2)
#1 /opt/lampp/htdocs/boutiquefourniture/wordpress/wp-content/themes/hestia/inc/compatibility/wp-forms/class-hestia-wp-forms.php(61): WP_Filesystem_FTPext->get_contents('/opt/lampp/htdo...')
#2 /opt/lampp/htdocs/boutiquefourniture/wordpress/wp-content/themes/hestia/inc/compatibility/wp-forms/class-hestia-wp-forms.php(95): Hestia_Wp_Forms->create_wp_form()
#3 /opt/lampp/htdocs/boutiquefourniture/wordpress/wp-includes/class-wp-hook.php(292): Hestia_Wp_Forms->wpforms_default_menu('')
#4 /opt/lampp/htdocs/boutiquefourniture/wordpress/wp-includes/class-wp-hook.php(316): WP_Hook->apply_filters(NULL, Array)
#5 /opt/lampp/htdocs/boutiquefourniture/wordpress/wp-includes/plugin.php(484): WP_Hook->do_action(Array)
#6 /opt/lampp/htdocs/boutiquefourniture/wordpress/wp-settings.php(538): do_action('after_setup_the...')
#7 /opt/lampp/htdocs/boutiquefourniture/wordpress/wp-config.php(90): require_once('/opt/lampp/htdo...')
#8 /opt/lampp/htdocs/boutiquefourniture/wordpress/wp-load.php(37): require_once('/opt/lampp/htdo...')
#9 /opt/lampp/htdocs/boutiquefourniture/wordpress/wp-blog-header.php(13): require_once('/opt/lampp/htdo...')
#10 /opt/lampp/htdocs/boutiquefourniture/wordpress/index.php(17): require('/opt/lampp/htdo...')
#11 {main}
  thrown in /opt/lampp/htdocs/boutiquefourniture/wordpress/wp-admin/includes/class-wp-filesystem-ftpext.php on line 146

2021-03-22T14:33:34+00:00 CRITICAL Uncaught TypeError: ftp_fget(): Argument #1 ($ftp) must be of type resource, null given in /opt/lampp/htdocs/boutiquefourniture/wordpress/wp-admin/includes/class-wp-filesystem-ftpext.php:146
Stack trace:
#0 /opt/lampp/htdocs/boutiquefourniture/wordpress/wp-admin/includes/class-wp-filesystem-ftpext.php(146): ftp_fget(NULL, Resource id #1228, '/opt/lampp/htdo...', 2)
#1 /opt/lampp/htdocs/boutiquefourniture/wordpress/wp-content/themes/hestia/inc/compatibility/wp-forms/class-hestia-wp-forms.php(61): WP_Filesystem_FTPext->get_contents('/opt/lampp/htdo...')
#2 /opt/lampp/htdocs/boutiquefourniture/wordpress/wp-content/themes/hestia/inc/compatibility/wp-forms/class-hestia-wp-forms.php(95): Hestia_Wp_Forms->create_wp_form()
#3 /opt/lampp/htdocs/boutiquefourniture/wordpress/wp-includes/class-wp-hook.php(292): Hestia_Wp_Forms->wpforms_default_menu('')
#4 /opt/lampp/htdocs/boutiquefourniture/wordpress/wp-includes/class-wp-hook.php(316): WP_Hook->apply_filters(NULL, Array)
#5 /opt/lampp/htdocs/boutiquefourniture/wordpress/wp-includes/plugin.php(484): WP_Hook->do_action(Array)
#6 /opt/lampp/htdocs/boutiquefourniture/wordpress/wp-settings.php(538): do_action('after_setup_the...')
#7 /opt/lampp/htdocs/boutiquefourniture/wordpress/wp-config.php(90): require_once('/opt/lampp/htdo...')
#8 /opt/lampp/htdocs/boutiquefourniture/wordpress/wp-load.php(37): require_once('/opt/lampp/htdo...')
#9 /opt/lampp/htdocs/boutiquefourniture/wordpress/wp-admin/admin.php(34): require_once('/opt/lampp/htdo...')
#10 /opt/lampp/htdocs/boutiquefourniture/wordpress/wp-admin/index.php(10): require_once('/opt/lampp/htdo...')
#11 {main}
  thrown in /opt/lampp/htdocs/boutiquefourniture/wordpress/wp-admin/includes/class-wp-filesystem-ftpext.php on line 146

2021-03-22T14:46:36+00:00 CRITICAL Uncaught TypeError: ftp_fget(): Argument #1 ($ftp) must be of type resource, null given in /opt/lampp/htdocs/boutiquefourniture/wordpress/wp-admin/includes/class-wp-filesystem-ftpext.php:146
Stack trace:
#0 /opt/lampp/htdocs/boutiquefourniture/wordpress/wp-admin/includes/class-wp-filesystem-ftpext.php(146): ftp_fget(NULL, Resource id #1194, '/opt/lampp/htdo...', 2)
#1 /opt/lampp/htdocs/boutiquefourniture/wordpress/wp-content/themes/hestia/inc/compatibility/wp-forms/class-hestia-wp-forms.php(61): WP_Filesystem_FTPext->get_contents('/opt/lampp/htdo...')
#2 /opt/lampp/htdocs/boutiquefourniture/wordpress/wp-content/themes/hestia/inc/compatibility/wp-forms/class-hestia-wp-forms.php(95): Hestia_Wp_Forms->create_wp_form()
#3 /opt/lampp/htdocs/boutiquefourniture/wordpress/wp-includes/class-wp-hook.php(292): Hestia_Wp_Forms->wpforms_default_menu('')
#4 /opt/lampp/htdocs/boutiquefourniture/wordpress/wp-includes/class-wp-hook.php(316): WP_Hook->apply_filters(NULL, Array)
#5 /opt/lampp/htdocs/boutiquefourniture/wordpress/wp-includes/plugin.php(484): WP_Hook->do_action(Array)
#6 /opt/lampp/htdocs/boutiquefourniture/wordpress/wp-settings.php(538): do_action('after_setup_the...')
#7 /opt/lampp/htdocs/boutiquefourniture/wordpress/wp-config.php(90): require_once('/opt/lampp/htdo...')
#8 /opt/lampp/htdocs/boutiquefourniture/wordpress/wp-load.php(37): require_once('/opt/lampp/htdo...')
#9 /opt/lampp/htdocs/boutiquefourniture/wordpress/wp-blog-header.php(13): require_once('/opt/lampp/htdo...')
#10 /opt/lampp/htdocs/boutiquefourniture/wordpress/index.php(17): require('/opt/lampp/htdo...')
#11 {main}
  thrown in /opt/lampp/htdocs/boutiquefourniture/wordpress/wp-admin/includes/class-wp-filesystem-ftpext.php on line 146

2021-03-22T14:58:37+00:00 CRITICAL Uncaught TypeError: ftp_fget(): Argument #1 ($ftp) must be of type resource, null given in /opt/lampp/htdocs/boutiquefourniture/wordpress/wp-admin/includes/class-wp-filesystem-ftpext.php:146
Stack trace:
#0 /opt/lampp/htdocs/boutiquefourniture/wordpress/wp-admin/includes/class-wp-filesystem-ftpext.php(146): ftp_fget(NULL, Resource id #1194, '/opt/lampp/htdo...', 2)
#1 /opt/lampp/htdocs/boutiquefourniture/wordpress/wp-content/themes/hestia/inc/compatibility/wp-forms/class-hestia-wp-forms.php(61): WP_Filesystem_FTPext->get_contents('/opt/lampp/htdo...')
#2 /opt/lampp/htdocs/boutiquefourniture/wordpress/wp-content/themes/hestia/inc/compatibility/wp-forms/class-hestia-wp-forms.php(95): Hestia_Wp_Forms->create_wp_form()
#3 /opt/lampp/htdocs/boutiquefourniture/wordpress/wp-includes/class-wp-hook.php(292): Hestia_Wp_Forms->wpforms_default_menu('')
#4 /opt/lampp/htdocs/boutiquefourniture/wordpress/wp-includes/class-wp-hook.php(316): WP_Hook->apply_filters(NULL, Array)
#5 /opt/lampp/htdocs/boutiquefourniture/wordpress/wp-includes/plugin.php(484): WP_Hook->do_action(Array)
#6 /opt/lampp/htdocs/boutiquefourniture/wordpress/wp-settings.php(538): do_action('after_setup_the...')
#7 /opt/lampp/htdocs/boutiquefourniture/wordpress/wp-config.php(90): require_once('/opt/lampp/htdo...')
#8 /opt/lampp/htdocs/boutiquefourniture/wordpress/wp-load.php(37): require_once('/opt/lampp/htdo...')
#9 /opt/lampp/htdocs/boutiquefourniture/wordpress/wp-blog-header.php(13): require_once('/opt/lampp/htdo...')
#10 /opt/lampp/htdocs/boutiquefourniture/wordpress/index.php(17): require('/opt/lampp/htdo...')
#11 {main}
  thrown in /opt/lampp/htdocs/boutiquefourniture/wordpress/wp-admin/includes/class-wp-filesystem-ftpext.php on line 146

2021-03-22T14:58:47+00:00 CRITICAL Uncaught TypeError: ftp_fget(): Argument #1 ($ftp) must be of type resource, null given in /opt/lampp/htdocs/boutiquefourniture/wordpress/wp-admin/includes/class-wp-filesystem-ftpext.php:146
Stack trace:
#0 /opt/lampp/htdocs/boutiquefourniture/wordpress/wp-admin/includes/class-wp-filesystem-ftpext.php(146): ftp_fget(NULL, Resource id #1194, '/opt/lampp/htdo...', 2)
#1 /opt/lampp/htdocs/boutiquefourniture/wordpress/wp-content/themes/hestia/inc/compatibility/wp-forms/class-hestia-wp-forms.php(61): WP_Filesystem_FTPext->get_contents('/opt/lampp/htdo...')
#2 /opt/lampp/htdocs/boutiquefourniture/wordpress/wp-content/themes/hestia/inc/compatibility/wp-forms/class-hestia-wp-forms.php(95): Hestia_Wp_Forms->create_wp_form()
#3 /opt/lampp/htdocs/boutiquefourniture/wordpress/wp-includes/class-wp-hook.php(292): Hestia_Wp_Forms->wpforms_default_menu('')
#4 /opt/lampp/htdocs/boutiquefourniture/wordpress/wp-includes/class-wp-hook.php(316): WP_Hook->apply_filters(NULL, Array)
#5 /opt/lampp/htdocs/boutiquefourniture/wordpress/wp-includes/plugin.php(484): WP_Hook->do_action(Array)
#6 /opt/lampp/htdocs/boutiquefourniture/wordpress/wp-settings.php(538): do_action('after_setup_the...')
#7 /opt/lampp/htdocs/boutiquefourniture/wordpress/wp-config.php(90): require_once('/opt/lampp/htdo...')
#8 /opt/lampp/htdocs/boutiquefourniture/wordpress/wp-load.php(37): require_once('/opt/lampp/htdo...')
#9 /opt/lampp/htdocs/boutiquefourniture/wordpress/wp-blog-header.php(13): require_once('/opt/lampp/htdo...')
#10 /opt/lampp/htdocs/boutiquefourniture/wordpress/index.php(17): require('/opt/lampp/htdo...')
#11 {main}
  thrown in /opt/lampp/htdocs/boutiquefourniture/wordpress/wp-admin/includes/class-wp-filesystem-ftpext.php on line 146

2021-03-22T14:59:11+00:00 CRITICAL Uncaught Error: Unknown named parameter $tasks_meta_id in /opt/lampp/htdocs/boutiquefourniture/wordpress/wp-includes/class-wp-hook.php:292
Stack trace:
#0 /opt/lampp/htdocs/boutiquefourniture/wordpress/wp-includes/class-wp-hook.php(316): WP_Hook->apply_filters('', Array)
#1 /opt/lampp/htdocs/boutiquefourniture/wordpress/wp-includes/plugin.php(551): WP_Hook->do_action(Array)
#2 /opt/lampp/htdocs/boutiquefourniture/wordpress/wp-content/plugins/woocommerce/packages/action-scheduler/classes/actions/ActionScheduler_Action.php(22): do_action_ref_array('wpforms_email_s...', Array)
#3 /opt/lampp/htdocs/boutiquefourniture/wordpress/wp-content/plugins/woocommerce/packages/action-scheduler/classes/abstracts/ActionScheduler_Abstract_QueueRunner.php(65): ActionScheduler_Action->execute()
#4 /opt/lampp/htdocs/boutiquefourniture/wordpress/wp-content/plugins/woocommerce/packages/action-scheduler/classes/ActionScheduler_QueueRunner.php(162): ActionScheduler_Abstract_QueueRunner->process_action(10, 'WP Cron')
#5 /opt/lampp/htdocs/boutiquefourniture/wordpress/wp-content/plugins/woocommerce/packages/action-scheduler/classes/ActionScheduler_QueueRunner.php(132): ActionScheduler_QueueRunner->do_batch(25, 'WP Cron')
#6 /opt/lampp/htdocs/boutiquefourniture/wordpress/wp-includes/class-wp-hook.php(292): ActionScheduler_QueueRunner->run('WP Cron')
#7 /opt/lampp/htdocs/boutiquefourniture/wordpress/wp-includes/class-wp-hook.php(316): WP_Hook->apply_filters('', Array)
#8 /opt/lampp/htdocs/boutiquefourniture/wordpress/wp-includes/plugin.php(551): WP_Hook->do_action(Array)
#9 /opt/lampp/htdocs/boutiquefourniture/wordpress/wp-cron.php(138): do_action_ref_array('action_schedule...', Array)
#10 {main}
  thrown in /opt/lampp/htdocs/boutiquefourniture/wordpress/wp-includes/class-wp-hook.php on line 292

2021-03-22T15:01:29+00:00 CRITICAL Uncaught Error: Unknown named parameter $tasks_meta_id in /opt/lampp/htdocs/boutiquefourniture/wordpress/wp-includes/class-wp-hook.php:292
Stack trace:
#0 /opt/lampp/htdocs/boutiquefourniture/wordpress/wp-includes/class-wp-hook.php(316): WP_Hook->apply_filters('', Array)
#1 /opt/lampp/htdocs/boutiquefourniture/wordpress/wp-includes/plugin.php(551): WP_Hook->do_action(Array)
#2 /opt/lampp/htdocs/boutiquefourniture/wordpress/wp-content/plugins/woocommerce/packages/action-scheduler/classes/actions/ActionScheduler_Action.php(22): do_action_ref_array('wpforms_email_s...', Array)
#3 /opt/lampp/htdocs/boutiquefourniture/wordpress/wp-content/plugins/woocommerce/packages/action-scheduler/classes/abstracts/ActionScheduler_Abstract_QueueRunner.php(65): ActionScheduler_Action->execute()
#4 /opt/lampp/htdocs/boutiquefourniture/wordpress/wp-content/plugins/woocommerce/packages/action-scheduler/classes/ActionScheduler_QueueRunner.php(162): ActionScheduler_Abstract_QueueRunner->process_action(11, 'WP Cron')
#5 /opt/lampp/htdocs/boutiquefourniture/wordpress/wp-content/plugins/woocommerce/packages/action-scheduler/classes/ActionScheduler_QueueRunner.php(132): ActionScheduler_QueueRunner->do_batch(25, 'WP Cron')
#6 /opt/lampp/htdocs/boutiquefourniture/wordpress/wp-includes/class-wp-hook.php(292): ActionScheduler_QueueRunner->run('WP Cron')
#7 /opt/lampp/htdocs/boutiquefourniture/wordpress/wp-includes/class-wp-hook.php(316): WP_Hook->apply_filters('', Array)
#8 /opt/lampp/htdocs/boutiquefourniture/wordpress/wp-includes/plugin.php(551): WP_Hook->do_action(Array)
#9 /opt/lampp/htdocs/boutiquefourniture/wordpress/wp-cron.php(138): do_action_ref_array('action_schedule...', Array)
#10 {main}
  thrown in /opt/lampp/htdocs/boutiquefourniture/wordpress/wp-includes/class-wp-hook.php on line 292

2021-03-22T15:01:30+00:00 CRITICAL Uncaught Error: Unknown named parameter $tasks_meta_id in /opt/lampp/htdocs/boutiquefourniture/wordpress/wp-includes/class-wp-hook.php:292
Stack trace:
#0 /opt/lampp/htdocs/boutiquefourniture/wordpress/wp-includes/class-wp-hook.php(316): WP_Hook->apply_filters('', Array)
#1 /opt/lampp/htdocs/boutiquefourniture/wordpress/wp-includes/plugin.php(551): WP_Hook->do_action(Array)
#2 /opt/lampp/htdocs/boutiquefourniture/wordpress/wp-content/plugins/woocommerce/packages/action-scheduler/classes/actions/ActionScheduler_Action.php(22): do_action_ref_array('wpforms_email_s...', Array)
#3 /opt/lampp/htdocs/boutiquefourniture/wordpress/wp-content/plugins/woocommerce/packages/action-scheduler/classes/abstracts/ActionScheduler_Abstract_QueueRunner.php(65): ActionScheduler_Action->execute()
#4 /opt/lampp/htdocs/boutiquefourniture/wordpress/wp-content/plugins/woocommerce/packages/action-scheduler/classes/ActionScheduler_QueueRunner.php(162): ActionScheduler_Abstract_QueueRunner->process_action(12, 'Async Request')
#5 /opt/lampp/htdocs/boutiquefourniture/wordpress/wp-content/plugins/woocommerce/packages/action-scheduler/classes/ActionScheduler_QueueRunner.php(132): ActionScheduler_QueueRunner->do_batch(25, 'Async Request')
#6 /opt/lampp/htdocs/boutiquefourniture/wordpress/wp-includes/class-wp-hook.php(292): ActionScheduler_QueueRunner->run('Async Request')
#7 /opt/lampp/htdocs/boutiquefourniture/wordpress/wp-includes/class-wp-hook.php(316): WP_Hook->apply_filters('', Array)
#8 /opt/lampp/htdocs/boutiquefourniture/wordpress/wp-includes/plugin.php(484): WP_Hook->do_action(Array)
#9 /opt/lampp/htdocs/boutiquefourniture/wordpress/wp-content/plugins/woocommerce/packages/action-scheduler/classes/ActionScheduler_AsyncRequest_QueueRunner.php(52): do_action('action_schedule...', 'Async Request')
#10 /opt/lampp/htdocs/boutiquefourniture/wordpress/wp-content/plugins/woocommerce/includes/libraries/wp-async-request.php(147): ActionScheduler_AsyncRequest_QueueRunner->handle()
#11 /opt/lampp/htdocs/boutiquefourniture/wordpress/wp-includes/class-wp-hook.php(292): WP_Async_Request->maybe_handle('')
#12 /opt/lampp/htdocs/boutiquefourniture/wordpress/wp-includes/class-wp-hook.php(316): WP_Hook->apply_filters('', Array)
#13 /opt/lampp/htdocs/boutiquefourniture/wordpress/wp-includes/plugin.php(484): WP_Hook->do_action(Array)
#14 /opt/lampp/htdocs/boutiquefourniture/wordpress/wp-admin/admin-ajax.php(202): do_action('wp_ajax_nopriv_...')
#15 {main}
  thrown in /opt/lampp/htdocs/boutiquefourniture/wordpress/wp-includes/class-wp-hook.php on line 292

2021-03-22T15:03:34+00:00 CRITICAL Uncaught Error: Unknown named parameter $tasks_meta_id in /opt/lampp/htdocs/boutiquefourniture/wordpress/wp-includes/class-wp-hook.php:292
Stack trace:
#0 /opt/lampp/htdocs/boutiquefourniture/wordpress/wp-includes/class-wp-hook.php(316): WP_Hook->apply_filters('', Array)
#1 /opt/lampp/htdocs/boutiquefourniture/wordpress/wp-includes/plugin.php(551): WP_Hook->do_action(Array)
#2 /opt/lampp/htdocs/boutiquefourniture/wordpress/wp-content/plugins/woocommerce/packages/action-scheduler/classes/actions/ActionScheduler_Action.php(22): do_action_ref_array('wpforms_email_s...', Array)
#3 /opt/lampp/htdocs/boutiquefourniture/wordpress/wp-content/plugins/woocommerce/packages/action-scheduler/classes/abstracts/ActionScheduler_Abstract_QueueRunner.php(65): ActionScheduler_Action->execute()
#4 /opt/lampp/htdocs/boutiquefourniture/wordpress/wp-content/plugins/woocommerce/packages/action-scheduler/classes/ActionScheduler_QueueRunner.php(162): ActionScheduler_Abstract_QueueRunner->process_action(13, 'WP Cron')
#5 /opt/lampp/htdocs/boutiquefourniture/wordpress/wp-content/plugins/woocommerce/packages/action-scheduler/classes/ActionScheduler_QueueRunner.php(132): ActionScheduler_QueueRunner->do_batch(25, 'WP Cron')
#6 /opt/lampp/htdocs/boutiquefourniture/wordpress/wp-includes/class-wp-hook.php(292): ActionScheduler_QueueRunner->run('WP Cron')
#7 /opt/lampp/htdocs/boutiquefourniture/wordpress/wp-includes/class-wp-hook.php(316): WP_Hook->apply_filters('', Array)
#8 /opt/lampp/htdocs/boutiquefourniture/wordpress/wp-includes/plugin.php(551): WP_Hook->do_action(Array)
#9 /opt/lampp/htdocs/boutiquefourniture/wordpress/wp-cron.php(138): do_action_ref_array('action_schedule...', Array)
#10 {main}
  thrown in /opt/lampp/htdocs/boutiquefourniture/wordpress/wp-includes/class-wp-hook.php on line 292

2021-03-22T15:04:16+00:00 CRITICAL Uncaught TypeError: ftp_fget(): Argument #1 ($ftp) must be of type resource, null given in /opt/lampp/htdocs/boutiquefourniture/wordpress/wp-admin/includes/class-wp-filesystem-ftpext.php:146
Stack trace:
#0 /opt/lampp/htdocs/boutiquefourniture/wordpress/wp-admin/includes/class-wp-filesystem-ftpext.php(146): ftp_fget(NULL, Resource id #1194, '/opt/lampp/htdo...', 2)
#1 /opt/lampp/htdocs/boutiquefourniture/wordpress/wp-content/themes/hestia/inc/compatibility/wp-forms/class-hestia-wp-forms.php(61): WP_Filesystem_FTPext->get_contents('/opt/lampp/htdo...')
#2 /opt/lampp/htdocs/boutiquefourniture/wordpress/wp-content/themes/hestia/inc/compatibility/wp-forms/class-hestia-wp-forms.php(95): Hestia_Wp_Forms->create_wp_form()
#3 /opt/lampp/htdocs/boutiquefourniture/wordpress/wp-includes/class-wp-hook.php(292): Hestia_Wp_Forms->wpforms_default_menu('')
#4 /opt/lampp/htdocs/boutiquefourniture/wordpress/wp-includes/class-wp-hook.php(316): WP_Hook->apply_filters(NULL, Array)
#5 /opt/lampp/htdocs/boutiquefourniture/wordpress/wp-includes/plugin.php(484): WP_Hook->do_action(Array)
#6 /opt/lampp/htdocs/boutiquefourniture/wordpress/wp-settings.php(538): do_action('after_setup_the...')
#7 /opt/lampp/htdocs/boutiquefourniture/wordpress/wp-config.php(90): require_once('/opt/lampp/htdo...')
#8 /opt/lampp/htdocs/boutiquefourniture/wordpress/wp-load.php(37): require_once('/opt/lampp/htdo...')
#9 /opt/lampp/htdocs/boutiquefourniture/wordpress/wp-blog-header.php(13): require_once('/opt/lampp/htdo...')
#10 /opt/lampp/htdocs/boutiquefourniture/wordpress/index.php(17): require('/opt/lampp/htdo...')
#11 {main}
  thrown in /opt/lampp/htdocs/boutiquefourniture/wordpress/wp-admin/includes/class-wp-filesystem-ftpext.php on line 146

2021-03-22T15:05:35+00:00 CRITICAL Uncaught TypeError: ftp_fget(): Argument #1 ($ftp) must be of type resource, null given in /opt/lampp/htdocs/boutiquefourniture/wordpress/wp-admin/includes/class-wp-filesystem-ftpext.php:146
Stack trace:
#0 /opt/lampp/htdocs/boutiquefourniture/wordpress/wp-admin/includes/class-wp-filesystem-ftpext.php(146): ftp_fget(NULL, Resource id #1194, '/opt/lampp/htdo...', 2)
#1 /opt/lampp/htdocs/boutiquefourniture/wordpress/wp-content/themes/hestia/inc/compatibility/wp-forms/class-hestia-wp-forms.php(61): WP_Filesystem_FTPext->get_contents('/opt/lampp/htdo...')
#2 /opt/lampp/htdocs/boutiquefourniture/wordpress/wp-content/themes/hestia/inc/compatibility/wp-forms/class-hestia-wp-forms.php(95): Hestia_Wp_Forms->create_wp_form()
#3 /opt/lampp/htdocs/boutiquefourniture/wordpress/wp-includes/class-wp-hook.php(292): Hestia_Wp_Forms->wpforms_default_menu('')
#4 /opt/lampp/htdocs/boutiquefourniture/wordpress/wp-includes/class-wp-hook.php(316): WP_Hook->apply_filters(NULL, Array)
#5 /opt/lampp/htdocs/boutiquefourniture/wordpress/wp-includes/plugin.php(484): WP_Hook->do_action(Array)
#6 /opt/lampp/htdocs/boutiquefourniture/wordpress/wp-settings.php(538): do_action('after_setup_the...')
#7 /opt/lampp/htdocs/boutiquefourniture/wordpress/wp-config.php(90): require_once('/opt/lampp/htdo...')
#8 /opt/lampp/htdocs/boutiquefourniture/wordpress/wp-load.php(37): require_once('/opt/lampp/htdo...')
#9 /opt/lampp/htdocs/boutiquefourniture/wordpress/wp-blog-header.php(13): require_once('/opt/lampp/htdo...')
#10 /opt/lampp/htdocs/boutiquefourniture/wordpress/index.php(17): require('/opt/lampp/htdo...')
#11 {main}
  thrown in /opt/lampp/htdocs/boutiquefourniture/wordpress/wp-admin/includes/class-wp-filesystem-ftpext.php on line 146

2021-03-22T15:05:39+00:00 CRITICAL Uncaught TypeError: ftp_fget(): Argument #1 ($ftp) must be of type resource, null given in /opt/lampp/htdocs/boutiquefourniture/wordpress/wp-admin/includes/class-wp-filesystem-ftpext.php:146
Stack trace:
#0 /opt/lampp/htdocs/boutiquefourniture/wordpress/wp-admin/includes/class-wp-filesystem-ftpext.php(146): ftp_fget(NULL, Resource id #1194, '/opt/lampp/htdo...', 2)
#1 /opt/lampp/htdocs/boutiquefourniture/wordpress/wp-content/themes/hestia/inc/compatibility/wp-forms/class-hestia-wp-forms.php(61): WP_Filesystem_FTPext->get_contents('/opt/lampp/htdo...')
#2 /opt/lampp/htdocs/boutiquefourniture/wordpress/wp-content/themes/hestia/inc/compatibility/wp-forms/class-hestia-wp-forms.php(95): Hestia_Wp_Forms->create_wp_form()
#3 /opt/lampp/htdocs/boutiquefourniture/wordpress/wp-includes/class-wp-hook.php(292): Hestia_Wp_Forms->wpforms_default_menu('')
#4 /opt/lampp/htdocs/boutiquefourniture/wordpress/wp-includes/class-wp-hook.php(316): WP_Hook->apply_filters(NULL, Array)
#5 /opt/lampp/htdocs/boutiquefourniture/wordpress/wp-includes/plugin.php(484): WP_Hook->do_action(Array)
#6 /opt/lampp/htdocs/boutiquefourniture/wordpress/wp-settings.php(538): do_action('after_setup_the...')
#7 /opt/lampp/htdocs/boutiquefourniture/wordpress/wp-config.php(90): require_once('/opt/lampp/htdo...')
#8 /opt/lampp/htdocs/boutiquefourniture/wordpress/wp-load.php(37): require_once('/opt/lampp/htdo...')
#9 /opt/lampp/htdocs/boutiquefourniture/wordpress/wp-blog-header.php(13): require_once('/opt/lampp/htdo...')
#10 /opt/lampp/htdocs/boutiquefourniture/wordpress/index.php(17): require('/opt/lampp/htdo...')
#11 {main}
  thrown in /opt/lampp/htdocs/boutiquefourniture/wordpress/wp-admin/includes/class-wp-filesystem-ftpext.php on line 146

